Using pre-set license
Built from '2020.3/staging' branch; Version is '2020.3.32f1 (12f8b0834f07) revision 1243312'; Using compiler version '192528614'; Build Type 'Release'
OS: 'Windows 11  (10.0.22000) 64bit Core' Language: 'en' Physical Memory: 16293 MB
BatchMode: 1, IsHumanControllingUs: 0, StartBugReporterOnCrash: 0, Is64bit: 1, IsPro: 0

COMMAND LINE ARGUMENTS:
C:\Program Files\Unity\Hub\Editor\2020.3.32f1\Editor\Unity.exe
-adb2
-batchMode
-noUpm
-name
AssetImportWorker0
-projectPath
C:/Users/koleybro/OneDrive/Desktop/D Squad Game/Untitled-Game-Project/D_Squad
-logFile
Logs/AssetImportWorker0.log
-srvPort
50641
Successfully changed project path to: C:/Users/koleybro/OneDrive/Desktop/D Squad Game/Untitled-Game-Project/D_Squad
C:/Users/koleybro/OneDrive/Desktop/D Squad Game/Untitled-Game-Project/D_Squad
Using Asset Import Pipeline V2.
Refreshing native plugins compatible for Editor in 22.50 ms, found 2 plugins.
Preloading 0 native plugins for Editor in 0.00 ms.
Initialize engine version: 2020.3.32f1 (12f8b0834f07)
[Subsystems] Discovering subsystems at path C:/Program Files/Unity/Hub/Editor/2020.3.32f1/Editor/Data/Resources/UnitySubsystems
[Subsystems] Discovering subsystems at path C:/Users/koleybro/OneDrive/Desktop/D Squad Game/Untitled-Game-Project/D_Squad/Assets
GfxDevice: creating device client; threaded=0
Direct3D:
    Version:  Direct3D 11.0 [level 11.1]
    Renderer: NVIDIA GeForce RTX 3060 Ti (ID=0x2489)
    Vendor:   
    VRAM:     8050 MB
    Driver:   30.0.15.1215
Initialize mono
Mono path[0] = 'C:/Program Files/Unity/Hub/Editor/2020.3.32f1/Editor/Data/Managed'
Mono path[1] = 'C:/Program Files/Unity/Hub/Editor/2020.3.32f1/Editor/Data/MonoBleedingEdge/lib/mono/unityjit'
Mono config path = 'C:/Program Files/Unity/Hub/Editor/2020.3.32f1/Editor/Data/MonoBleedingEdge/etc'
Using monoOptions --debugger-agent=transport=dt_socket,embedding=1,server=y,suspend=n,address=127.0.0.1:56468
Begin MonoManager ReloadAssembly
Registering precompiled unity dll's ...
Register platform support module: C:/Program Files/Unity/Hub/Editor/2020.3.32f1/Editor/Data/PlaybackEngines/WebGLSupport/UnityEditor.WebGL.Extensions.dll
Register platform support module: C:/Program Files/Unity/Hub/Editor/2020.3.32f1/Editor/Data/PlaybackEngines/WindowsStandaloneSupport/UnityEditor.WindowsStandalone.Extensions.dll
Registered in 0.002949 seconds.
Native extension for WindowsStandalone target not found
Native extension for WebGL target not found
Refreshing native plugins compatible for Editor in 21.18 ms, found 2 plugins.
Preloading 0 native plugins for Editor in 0.00 ms.
Mono: successfully reloaded assembly
- Completed reload, in  0.412 seconds
Domain Reload Profiling:
	ReloadAssembly (412ms)
		BeginReloadAssembly (55ms)
			ExecutionOrderSort (0ms)
			DisableScriptedObjects (0ms)
			BackupInstance (0ms)
			ReleaseScriptingObjects (0ms)
			CreateAndSetChildDomain (1ms)
		EndReloadAssembly (304ms)
			LoadAssemblies (53ms)
			RebuildTransferFunctionScriptingTraits (0ms)
			SetupTypeCache (94ms)
			ReleaseScriptCaches (0ms)
			RebuildScriptCaches (20ms)
			SetupLoadedEditorAssemblies (120ms)
				LogAssemblyErrors (0ms)
				InitializePlatformSupportModulesInManaged (4ms)
				SetLoadedEditorAssemblies (0ms)
				RefreshPlugins (21ms)
				BeforeProcessingInitializeOnLoad (6ms)
				ProcessInitializeOnLoadAttributes (70ms)
				ProcessInitializeOnLoadMethodAttributes (18ms)
				AfterProcessingInitializeOnLoad (0ms)
				EditorAssembliesLoaded (0ms)
			ExecutionOrderSort2 (0ms)
			AwakeInstancesAfterBackupRestoration (0ms)
Platform modules already initialized, skipping
Registering precompiled user dll's ...
Registered in 0.004649 seconds.
Begin MonoManager ReloadAssembly
Native extension for WindowsStandalone target not found
Native extension for WebGL target not found
Refreshing native plugins compatible for Editor in 0.30 ms, found 2 plugins.
Preloading 0 native plugins for Editor in 0.00 ms.
Mono: successfully reloaded assembly
- Completed reload, in  0.662 seconds
Domain Reload Profiling:
	ReloadAssembly (663ms)
		BeginReloadAssembly (111ms)
			ExecutionOrderSort (0ms)
			DisableScriptedObjects (3ms)
			BackupInstance (0ms)
			ReleaseScriptingObjects (0ms)
			CreateAndSetChildDomain (16ms)
		EndReloadAssembly (508ms)
			LoadAssemblies (79ms)
			RebuildTransferFunctionScriptingTraits (0ms)
			SetupTypeCache (163ms)
			ReleaseScriptCaches (0ms)
			RebuildScriptCaches (25ms)
			SetupLoadedEditorAssemblies (200ms)
				LogAssemblyErrors (0ms)
				InitializePlatformSupportModulesInManaged (4ms)
				SetLoadedEditorAssemblies (0ms)
				RefreshPlugins (0ms)
				BeforeProcessingInitializeOnLoad (42ms)
				ProcessInitializeOnLoadAttributes (141ms)
				ProcessInitializeOnLoadMethodAttributes (6ms)
				AfterProcessingInitializeOnLoad (6ms)
				EditorAssembliesLoaded (0ms)
			ExecutionOrderSort2 (0ms)
			AwakeInstancesAfterBackupRestoration (4ms)
Platform modules already initialized, skipping
========================================================================
Worker process is ready to serve import requests
Launched and connected shader compiler UnityShaderCompiler.exe after 0.05 seconds
Refreshing native plugins compatible for Editor in 0.31 ms, found 2 plugins.
Preloading 0 native plugins for Editor in 0.00 ms.
Unloading 1506 Unused Serialized files (Serialized files now loaded: 0)
System memory in use before: 69.0 MB.
System memory in use after: 69.1 MB.

Unloading 16 unused Assets to reduce memory usage. Loaded Objects now: 1942.
Total: 2.060700 ms (FindLiveObjects: 0.107300 ms CreateObjectMapping: 0.032300 ms MarkObjects: 1.863600 ms  DeleteObjects: 0.056900 ms)

AssetImportParameters requested are different than current active one (requested -> active):
  custom:framework-win-MediaFoundation: 216162199b28c13a410421893ffa2e32 -> 
  custom:video-decoder-ogg-theora: a1e56fd34408186e4bbccfd4996cb3dc -> 
  custom:container-muxer-webm: aa71ff27fc2769a1b78a27578f13a17b -> 
  custom:container-demuxer-webm: 4f35f7cbe854078d1ac9338744f61a02 -> 
  custom:container-demuxer-ogg: 62fdf1f143b41e24485cea50d1cbac27 -> 
  custom:video-encoder-webm-vp8: eb34c28f22e8b96e1ab97ce403110664 -> 
  custom:video-codec-MediaFoundation-h265: 746d11721c4dcdbdad8f713fa42b33f4 -> 
  custom:video-decoder-webm-vp8: 9c59270c3fd7afecdb556c50c9e8de78 -> 
  custom:audio-decoder-ogg-vorbis: bf7c407c2cedff20999df2af8eb42d56 -> 
  custom:audio-encoder-webm-vorbis: bf7c407c2cedff20999df2af8eb42d56 -> 
========================================================================
Received Import Request.
  path: Assets/Scenes
  artifactKey: Guid(937cc6a35192a8d4dad57fabdd345916) Importer(815301076,1909f56bfc062723c751e8b465ee728b)
Start importing Assets/Scenes using Guid(937cc6a35192a8d4dad57fabdd345916) Importer(815301076,1909f56bfc062723c751e8b465ee728b)  -> (artifact id: '4fe75f420cc8494ab7670639f909f673') in 0.005831 seconds 
========================================================================
Received Import Request.
  Time since last request: 11.227885 seconds.
  path: Assets/Scenes/New Folder
  artifactKey: Guid(91c73e1f3144f8641859fc4089e47ecb) Importer(815301076,1909f56bfc062723c751e8b465ee728b)
Start importing Assets/Scenes/New Folder using Guid(91c73e1f3144f8641859fc4089e47ecb) Importer(815301076,1909f56bfc062723c751e8b465ee728b)  -> (artifact id: '47ac4d49e667530c6dfb4af5b9b5fdd5') in 0.003819 seconds 
========================================================================
Received Import Request.
  Time since last request: 19.600157 seconds.
  path: Assets/Scenes/Common
  artifactKey: Guid(91c73e1f3144f8641859fc4089e47ecb) Importer(815301076,1909f56bfc062723c751e8b465ee728b)
Start importing Assets/Scenes/Common using Guid(91c73e1f3144f8641859fc4089e47ecb) Importer(815301076,1909f56bfc062723c751e8b465ee728b)  -> (artifact id: 'ef75418dd029b08cd4de94e7394a0708') in 0.003796 seconds 
========================================================================
Received Import Request.
  Time since last request: 12.154452 seconds.
  path: Assets/Scenes/Common/Materials
  artifactKey: Guid(47920c34441c20242bee3ebd15836678) Importer(815301076,1909f56bfc062723c751e8b465ee728b)
Start importing Assets/Scenes/Common/Materials using Guid(47920c34441c20242bee3ebd15836678) Importer(815301076,1909f56bfc062723c751e8b465ee728b)  -> (artifact id: '12c6a0f79bf33d045b8099013b5dc182') in 0.003496 seconds 
========================================================================
Received Import Request.
  Time since last request: 7.174040 seconds.
  path: Assets/Scenes/Common/Textures
  artifactKey: Guid(8adac0900ebb99e4d9918dde46867e4f) Importer(815301076,1909f56bfc062723c751e8b465ee728b)
Start importing Assets/Scenes/Common/Textures using Guid(8adac0900ebb99e4d9918dde46867e4f) Importer(815301076,1909f56bfc062723c751e8b465ee728b)  -> (artifact id: '12c6f3bdafb537c496039b5a2fa48eb0') in 0.003649 seconds 
========================================================================
Received Import Request.
  Time since last request: 8.406293 seconds.
  path: Assets/Scenes/Common/Objects
  artifactKey: Guid(a223ef6364a895649925798220b4edaf) Importer(815301076,1909f56bfc062723c751e8b465ee728b)
Start importing Assets/Scenes/Common/Objects using Guid(a223ef6364a895649925798220b4edaf) Importer(815301076,1909f56bfc062723c751e8b465ee728b)  -> (artifact id: '08369fc88cfca9bdbf95ee90db974051') in 0.003670 seconds 
========================================================================
Received Import Request.
  Time since last request: 26.169954 seconds.
  path: Assets/Scenes/Scene01
  artifactKey: Guid(37e9166cc991cfa46b7aff09f18d0c49) Importer(815301076,1909f56bfc062723c751e8b465ee728b)
Start importing Assets/Scenes/Scene01 using Guid(37e9166cc991cfa46b7aff09f18d0c49) Importer(815301076,1909f56bfc062723c751e8b465ee728b)  -> (artifact id: 'f1a260596675feb93a2aea49374a944c') in 0.003712 seconds 
========================================================================
Received Import Request.
  Time since last request: 6.577473 seconds.
  path: Assets/Scenes/Scene01/Materials
  artifactKey: Guid(cc027d2ec78102c42a4f0ef52e0a5944) Importer(815301076,1909f56bfc062723c751e8b465ee728b)
Start importing Assets/Scenes/Scene01/Materials using Guid(cc027d2ec78102c42a4f0ef52e0a5944) Importer(815301076,1909f56bfc062723c751e8b465ee728b)  -> (artifact id: 'b16d104e1d9dc58d3b029eb0c8cd720c') in 0.002961 seconds 
========================================================================
Received Import Request.
  Time since last request: 4.865567 seconds.
  path: Assets/Scenes/Scene01/Textures
  artifactKey: Guid(7126f4899fbd5334c80ba12be4ce2adf) Importer(815301076,1909f56bfc062723c751e8b465ee728b)
Start importing Assets/Scenes/Scene01/Textures using Guid(7126f4899fbd5334c80ba12be4ce2adf) Importer(815301076,1909f56bfc062723c751e8b465ee728b)  -> (artifact id: '687da5a59d153a214e2cd1bd4a049186') in 0.003480 seconds 
========================================================================
Received Import Request.
  Time since last request: 7.704109 seconds.
  path: Assets/Scenes/Scene01/Objects
  artifactKey: Guid(0cfb870a29ad4d84dbddc5d2245ab5e8) Importer(815301076,1909f56bfc062723c751e8b465ee728b)
Start importing Assets/Scenes/Scene01/Objects using Guid(0cfb870a29ad4d84dbddc5d2245ab5e8) Importer(815301076,1909f56bfc062723c751e8b465ee728b)  -> (artifact id: '904488c8bf9608cbd12e6c8e34c6d09c') in 0.002895 seconds 
AssetImportWorkerClient::OnTransportError - code=2 error=End of file
