Using pre-set license
Built from '2022.1/release' branch; Version is '2022.1.0f1 (369b620af41c) revision 3578722'; Using compiler version '192829333'; Build Type 'Release'
OS: 'Windows 10  (10.0.19044) 64bit Professional' Language: 'en' Physical Memory: 32682 MB
BatchMode: 1, IsHumanControllingUs: 0, StartBugReporterOnCrash: 0, Is64bit: 1, IsPro: 1

COMMAND LINE ARGUMENTS:
F:\Unity\Unity Hub\Editor\2022.1.0f1\Editor\Unity.exe
-adb2
-batchMode
-noUpm
-name
AssetImportWorker3
-projectPath
F:/Unity/Summer Project/Game Project/D_Squad
-logFile
Logs/AssetImportWorker3.log
-srvPort
56483
Successfully changed project path to: F:/Unity/Summer Project/Game Project/D_Squad
F:/Unity/Summer Project/Game Project/D_Squad
[UnityMemory] Configuration Parameters - Can be set up in boot.config
    "memorysetup-bucket-allocator-granularity=16"
    "memorysetup-bucket-allocator-bucket-count=8"
    "memorysetup-bucket-allocator-block-size=33554432"
    "memorysetup-bucket-allocator-block-count=8"
    "memorysetup-main-allocator-block-size=16777216"
    "memorysetup-thread-allocator-block-size=16777216"
    "memorysetup-gfx-main-allocator-block-size=16777216"
    "memorysetup-gfx-thread-allocator-block-size=16777216"
    "memorysetup-cache-allocator-block-size=4194304"
    "memorysetup-typetree-allocator-block-size=2097152"
    "memorysetup-profiler-bucket-allocator-granularity=16"
    "memorysetup-profiler-bucket-allocator-bucket-count=8"
    "memorysetup-profiler-bucket-allocator-block-size=33554432"
    "memorysetup-profiler-bucket-allocator-block-count=8"
    "memorysetup-profiler-allocator-block-size=16777216"
    "memorysetup-profiler-editor-allocator-block-size=1048576"
    "memorysetup-temp-allocator-size-main=16777216"
    "memorysetup-job-temp-allocator-block-size=2097152"
    "memorysetup-job-temp-allocator-block-size-background=1048576"
    "memorysetup-job-temp-allocator-reduction-small-platforms=262144"
    "memorysetup-temp-allocator-size-background-worker=32768"
    "memorysetup-temp-allocator-size-job-worker=262144"
    "memorysetup-temp-allocator-size-preload-manager=33554432"
    "memorysetup-temp-allocator-size-nav-mesh-worker=65536"
    "memorysetup-temp-allocator-size-audio-worker=65536"
    "memorysetup-temp-allocator-size-cloud-worker=32768"
    "memorysetup-temp-allocator-size-gi-baking-worker=262144"
    "memorysetup-temp-allocator-size-gfx=262144"
Refreshing native plugins compatible for Editor in 44.40 ms, found 2 plugins.
Preloading 0 native plugins for Editor in 0.00 ms.
Initialize engine version: 2022.1.0f1 (369b620af41c)
[Subsystems] Discovering subsystems at path F:/Unity/Unity Hub/Editor/2022.1.0f1/Editor/Data/Resources/UnitySubsystems
[Subsystems] Discovering subsystems at path F:/Unity/Summer Project/Game Project/D_Squad/Assets
GfxDevice: creating device client; threaded=0; jobified=0
Direct3D:
    Version:  Direct3D 11.0 [level 11.1]
    Renderer: NVIDIA GeForce GTX 1080 Ti (ID=0x1b06)
    Vendor:   NVIDIA
    VRAM:     11127 MB
    Driver:   30.0.14.9709
Initialize mono
Mono path[0] = 'F:/Unity/Unity Hub/Editor/2022.1.0f1/Editor/Data/Managed'
Mono path[1] = 'F:/Unity/Unity Hub/Editor/2022.1.0f1/Editor/Data/MonoBleedingEdge/lib/mono/unityjit-win32'
Mono config path = 'F:/Unity/Unity Hub/Editor/2022.1.0f1/Editor/Data/MonoBleedingEdge/etc'
Using monoOptions --debugger-agent=transport=dt_socket,embedding=1,server=y,suspend=n,address=127.0.0.1:56320
Begin MonoManager ReloadAssembly
Registering precompiled unity dll's ...
Register platform support module: F:/Unity/Unity Hub/Editor/2022.1.0f1/Editor/Data/PlaybackEngines/WindowsStandaloneSupport/UnityEditor.WindowsStandalone.Extensions.dll
Registered in 0.003512 seconds.
Native extension for WindowsStandalone target not found
Refreshing native plugins compatible for Editor in 44.80 ms, found 2 plugins.
Preloading 0 native plugins for Editor in 0.00 ms.
Mono: successfully reloaded assembly
- Completed reload, in  0.668 seconds
Domain Reload Profiling:
	ReloadAssembly (668ms)
		BeginReloadAssembly (109ms)
			ExecutionOrderSort (0ms)
			DisableScriptedObjects (0ms)
			BackupInstance (0ms)
			ReleaseScriptingObjects (0ms)
			CreateAndSetChildDomain (1ms)
		EndReloadAssembly (447ms)
			LoadAssemblies (108ms)
			RebuildTransferFunctionScriptingTraits (0ms)
			SetupTypeCache (123ms)
				TypeCache.Initialize (122ms)
					TypeCache.ScanAssembly (121ms)
				ResolveRequiredComponents (0ms)
			ReleaseScriptCaches (0ms)
			RebuildScriptCaches (29ms)
			SetupLoadedEditorAssemblies (242ms)
				LogAssemblyErrors (0ms)
				InitializePlatformSupportModulesInManaged (8ms)
				SetLoadedEditorAssemblies (9ms)
				RefreshPlugins (45ms)
				BeforeProcessingInitializeOnLoad (1ms)
				ProcessInitializeOnLoadAttributes (133ms)
				ProcessInitializeOnLoadMethodAttributes (46ms)
				AfterProcessingInitializeOnLoad (0ms)
				EditorAssembliesLoaded (0ms)
			ExecutionOrderSort2 (0ms)
			AwakeInstancesAfterBackupRestoration (0ms)
Platform modules already initialized, skipping
Registering precompiled user dll's ...
Registered in 0.003335 seconds.
Begin MonoManager ReloadAssembly
Native extension for WindowsStandalone target not found
Refreshing native plugins compatible for Editor in 0.53 ms, found 2 plugins.
Preloading 0 native plugins for Editor in 0.00 ms.
Mono: successfully reloaded assembly
- Completed reload, in  1.032 seconds
Domain Reload Profiling:
	ReloadAssembly (1033ms)
		BeginReloadAssembly (138ms)
			ExecutionOrderSort (0ms)
			DisableScriptedObjects (5ms)
			BackupInstance (0ms)
			ReleaseScriptingObjects (0ms)
			CreateAndSetChildDomain (23ms)
		EndReloadAssembly (786ms)
			LoadAssemblies (98ms)
			RebuildTransferFunctionScriptingTraits (0ms)
			SetupTypeCache (204ms)
				TypeCache.Initialize (201ms)
					TypeCache.ScanAssembly (197ms)
				ResolveRequiredComponents (3ms)
			ReleaseScriptCaches (1ms)
			RebuildScriptCaches (55ms)
			SetupLoadedEditorAssemblies (417ms)
				LogAssemblyErrors (0ms)
				InitializePlatformSupportModulesInManaged (4ms)
				SetLoadedEditorAssemblies (6ms)
				RefreshPlugins (1ms)
				BeforeProcessingInitializeOnLoad (47ms)
				ProcessInitializeOnLoadAttributes (213ms)
				ProcessInitializeOnLoadMethodAttributes (142ms)
				AfterProcessingInitializeOnLoad (4ms)
				EditorAssembliesLoaded (0ms)
			ExecutionOrderSort2 (0ms)
			AwakeInstancesAfterBackupRestoration (6ms)
Platform modules already initialized, skipping
========================================================================
Worker process is ready to serve import requests
Launched and connected shader compiler UnityShaderCompiler.exe after 0.08 seconds
Refreshing native plugins compatible for Editor in 0.90 ms, found 2 plugins.
Preloading 0 native plugins for Editor in 0.00 ms.
Unloading 2100 Unused Serialized files (Serialized files now loaded: 0)
Unloading 20 unused Assets / (51.2 KB). Loaded Objects now: 2568.
Memory consumption went from 360.4 MB to 360.4 MB.
Total: 4.327900 ms (FindLiveObjects: 0.348400 ms CreateObjectMapping: 0.075200 ms MarkObjects: 3.753800 ms  DeleteObjects: 0.148500 ms)

AssetImportParameters requested are different than current active one (requested -> active):
  custom:video-decoder-ogg-theora: a1e56fd34408186e4bbccfd4996cb3dc -> 
  custom:container-muxer-webm: aa71ff27fc2769a1b78a27578f13a17b -> 
  custom:container-demuxer-webm: 4f35f7cbe854078d1ac9338744f61a02 -> 
  custom:video-encoder-webm-vp8: eb34c28f22e8b96e1ab97ce403110664 -> 
  custom:audio-encoder-webm-vorbis: bf7c407c2cedff20999df2af8eb42d56 -> 
  custom:framework-win-MediaFoundation: 216162199b28c13a410421893ffa2e32 -> 
  custom:container-demuxer-ogg: 62fdf1f143b41e24485cea50d1cbac27 -> 
  custom:video-decoder-webm-vp8: 9c59270c3fd7afecdb556c50c9e8de78 -> 
  custom:audio-decoder-ogg-vorbis: bf7c407c2cedff20999df2af8eb42d56 -> 
========================================================================
Received Import Request.
  Time since last request: 12308.740887 seconds.
  path: Assets/_TerrainData/GeneratedGeometry_256954011479878736.asset
  artifactKey: Guid(33f37665952847a42832a26c18e158b8) Importer(815301076,1909f56bfc062723c751e8b465ee728b)
Start importing Assets/_TerrainData/GeneratedGeometry_256954011479878736.asset using Guid(33f37665952847a42832a26c18e158b8) Importer(815301076,1909f56bfc062723c751e8b465ee728b)  -> (artifact id: '73996be41a67e0de6b4b9a5c92a2eb8c') in 0.562716 seconds 
========================================================================
Received Import Request.
  Time since last request: 0.000043 seconds.
  path: Assets/_TerrainData/GeneratedGeometry_731152149069878736.asset
  artifactKey: Guid(22e3940b1940bf445894fb735846dae2) Importer(815301076,1909f56bfc062723c751e8b465ee728b)
Start importing Assets/_TerrainData/GeneratedGeometry_731152149069878736.asset using Guid(22e3940b1940bf445894fb735846dae2) Importer(815301076,1909f56bfc062723c751e8b465ee728b)  -> (artifact id: '6b41023882911f2d8dccb004da1bc09a') in 0.294377 seconds 
========================================================================
Received Import Request.
  Time since last request: 0.000029 seconds.
  path: Assets/_TerrainData/GeneratedGeometry_303580977969878736.asset
  artifactKey: Guid(ac42861a6744d924f990c9483ad9f2e5) Importer(815301076,1909f56bfc062723c751e8b465ee728b)
Start importing Assets/_TerrainData/GeneratedGeometry_303580977969878736.asset using Guid(ac42861a6744d924f990c9483ad9f2e5) Importer(815301076,1909f56bfc062723c751e8b465ee728b)  -> (artifact id: '338707efd7e5fe479b413b4168a4bc5a') in 0.270972 seconds 
========================================================================
Received Import Request.
  Time since last request: 0.000029 seconds.
  path: Assets/_TerrainData/GeneratedGeometry_695715948969878736.asset
  artifactKey: Guid(d927e826c03555e4094b92972e7d7638) Importer(815301076,1909f56bfc062723c751e8b465ee728b)
Start importing Assets/_TerrainData/GeneratedGeometry_695715948969878736.asset using Guid(d927e826c03555e4094b92972e7d7638) Importer(815301076,1909f56bfc062723c751e8b465ee728b)  -> (artifact id: 'b09d1bffe5425e261166188a81658a2f') in 0.288951 seconds 
========================================================================
Received Import Request.
  Time since last request: 0.000033 seconds.
  path: Assets/_TerrainData/GeneratedGeometry_292842105001388736.asset
  artifactKey: Guid(7e5ae357e0676cc45ab9c7dfe9fd8cab) Importer(815301076,1909f56bfc062723c751e8b465ee728b)
Start importing Assets/_TerrainData/GeneratedGeometry_292842105001388736.asset using Guid(7e5ae357e0676cc45ab9c7dfe9fd8cab) Importer(815301076,1909f56bfc062723c751e8b465ee728b)  -> (artifact id: 'a451fd8f26db1f5723d458fa55aec418') in 0.005976 seconds 
========================================================================
Received Import Request.
  Time since last request: 0.000024 seconds.
  path: Assets/_TerrainData/GeneratedGeometry_132180318969878736.asset
  artifactKey: Guid(0647517a9b28c714cbad477b5f92c428) Importer(815301076,1909f56bfc062723c751e8b465ee728b)
Start importing Assets/_TerrainData/GeneratedGeometry_132180318969878736.asset using Guid(0647517a9b28c714cbad477b5f92c428) Importer(815301076,1909f56bfc062723c751e8b465ee728b)  -> (artifact id: '3ec8a2b7fc0712586eb4fb962e16c4f6') in 0.398915 seconds 
========================================================================
Received Import Request.
  Time since last request: 0.000024 seconds.
  path: Assets/_TerrainData/GeneratedGeometry_138048427969878736.asset
  artifactKey: Guid(1e83465c16312194ab6578e01c5333ab) Importer(815301076,1909f56bfc062723c751e8b465ee728b)
Start importing Assets/_TerrainData/GeneratedGeometry_138048427969878736.asset using Guid(1e83465c16312194ab6578e01c5333ab) Importer(815301076,1909f56bfc062723c751e8b465ee728b)  -> (artifact id: 'cd254ea8bba1283bf14f3163200053de') in 0.331156 seconds 
========================================================================
Received Import Request.
  Time since last request: 0.000062 seconds.
  path: Assets/_TerrainData/GeneratedGeometry_338672376969878736.asset
  artifactKey: Guid(d92905d3a49ffe04d9589d3c967a4c81) Importer(815301076,1909f56bfc062723c751e8b465ee728b)
Start importing Assets/_TerrainData/GeneratedGeometry_338672376969878736.asset using Guid(d92905d3a49ffe04d9589d3c967a4c81) Importer(815301076,1909f56bfc062723c751e8b465ee728b)  -> (artifact id: 'eedbfddedd8189680e572728e1b8912c') in 0.279293 seconds 
========================================================================
Received Import Request.
  Time since last request: 0.000031 seconds.
  path: Assets/_TerrainData/GeneratedGeometry_521778067969878736.asset
  artifactKey: Guid(4384ea6454316a94fbaaf3dcffcc426a) Importer(815301076,1909f56bfc062723c751e8b465ee728b)
Start importing Assets/_TerrainData/GeneratedGeometry_521778067969878736.asset using Guid(4384ea6454316a94fbaaf3dcffcc426a) Importer(815301076,1909f56bfc062723c751e8b465ee728b)  -> (artifact id: '22452b754683c5ff4466d2d72063cd43') in 0.277478 seconds 
========================================================================
Received Import Request.
  Time since last request: 0.000022 seconds.
  path: Assets/_TerrainData/GeneratedGeometry_751249099409878736.asset
  artifactKey: Guid(13b710a24c5b9754c9d567cb8cdea151) Importer(815301076,1909f56bfc062723c751e8b465ee728b)
Start importing Assets/_TerrainData/GeneratedGeometry_751249099409878736.asset using Guid(13b710a24c5b9754c9d567cb8cdea151) Importer(815301076,1909f56bfc062723c751e8b465ee728b)  -> (artifact id: '16c7e346263de2b45f7cb3cf37926f2c') in 0.005995 seconds 
========================================================================
Received Import Request.
  Time since last request: 0.000018 seconds.
  path: Assets/_TerrainData/GeneratedGeometry_376613857969878736.asset
  artifactKey: Guid(f0dd87fe5600232429f731d1fc156c08) Importer(815301076,1909f56bfc062723c751e8b465ee728b)
Start importing Assets/_TerrainData/GeneratedGeometry_376613857969878736.asset using Guid(f0dd87fe5600232429f731d1fc156c08) Importer(815301076,1909f56bfc062723c751e8b465ee728b)  -> (artifact id: '2a5e2c9ff8c64e22fe24691526cefb94') in 0.385304 seconds 
========================================================================
Received Import Request.
  Time since last request: 0.000031 seconds.
  path: Assets/_TerrainData/GeneratedGeometry_812469686969878736.asset
  artifactKey: Guid(dee6a848263a06342b79846e60460f51) Importer(815301076,1909f56bfc062723c751e8b465ee728b)
Start importing Assets/_TerrainData/GeneratedGeometry_812469686969878736.asset using Guid(dee6a848263a06342b79846e60460f51) Importer(815301076,1909f56bfc062723c751e8b465ee728b)  -> (artifact id: '29bb791ad50c06ff62866911ba60e8c0') in 0.284808 seconds 
========================================================================
Received Import Request.
  Time since last request: 0.000026 seconds.
  path: Assets/_TerrainData/GeneratedGeometry_886244537969878736.asset
  artifactKey: Guid(ba6604ce44a75a542a993155ed495bcc) Importer(815301076,1909f56bfc062723c751e8b465ee728b)
Start importing Assets/_TerrainData/GeneratedGeometry_886244537969878736.asset using Guid(ba6604ce44a75a542a993155ed495bcc) Importer(815301076,1909f56bfc062723c751e8b465ee728b)  -> (artifact id: 'd9b621a4fa74951527c465a30d11503e') in 0.292836 seconds 
========================================================================
Received Import Request.
  Time since last request: 0.000026 seconds.
  path: Assets/_TerrainData/GeneratedGeometry_944805301479878736.asset
  artifactKey: Guid(616b534527fc5954e8ebcb4ac670c20c) Importer(815301076,1909f56bfc062723c751e8b465ee728b)
Start importing Assets/_TerrainData/GeneratedGeometry_944805301479878736.asset using Guid(616b534527fc5954e8ebcb4ac670c20c) Importer(815301076,1909f56bfc062723c751e8b465ee728b)  -> (artifact id: 'db735977e2a8a61415d81c4555ac71a7') in 0.171795 seconds 
========================================================================
Received Import Request.
  Time since last request: 0.000032 seconds.
  path: Assets/_TerrainData/GeneratedGeometry_854050496969878736.asset
  artifactKey: Guid(692cc3e5716547e4abbf241a3691fbfe) Importer(815301076,1909f56bfc062723c751e8b465ee728b)
Start importing Assets/_TerrainData/GeneratedGeometry_854050496969878736.asset using Guid(692cc3e5716547e4abbf241a3691fbfe) Importer(815301076,1909f56bfc062723c751e8b465ee728b)  -> (artifact id: 'dc98cb79f7e26a4fed2f4f11208e92a2') in 0.430888 seconds 
========================================================================
Received Import Request.
  Time since last request: 0.000028 seconds.
  path: Assets/_TerrainData/GeneratedGeometry_572052638969878736.asset
  artifactKey: Guid(9a81a0295bf6b7a418ca0d7b179d0e6f) Importer(815301076,1909f56bfc062723c751e8b465ee728b)
Start importing Assets/_TerrainData/GeneratedGeometry_572052638969878736.asset using Guid(9a81a0295bf6b7a418ca0d7b179d0e6f) Importer(815301076,1909f56bfc062723c751e8b465ee728b)  -> (artifact id: '1c497c30eba754e751b5ac553443200a') in 0.352451 seconds 
========================================================================
Received Import Request.
  Time since last request: 0.000037 seconds.
  path: Assets/_TerrainData/GeneratedGeometry_907550018969878736.asset
  artifactKey: Guid(b1e0cb3936a3c4846a9f17607dd7c2dc) Importer(815301076,1909f56bfc062723c751e8b465ee728b)
Start importing Assets/_TerrainData/GeneratedGeometry_907550018969878736.asset using Guid(b1e0cb3936a3c4846a9f17607dd7c2dc) Importer(815301076,1909f56bfc062723c751e8b465ee728b)  -> (artifact id: '689b0840f47e96b2d511fb48227eec73') in 0.426898 seconds 
========================================================================
Received Import Request.
  Time since last request: 0.000024 seconds.
  path: Assets/_TerrainData/GeneratedGeometry_335342628969878736.asset
  artifactKey: Guid(94fa6e444cbf1e24ca39cd43d715836c) Importer(815301076,1909f56bfc062723c751e8b465ee728b)
Start importing Assets/_TerrainData/GeneratedGeometry_335342628969878736.asset using Guid(94fa6e444cbf1e24ca39cd43d715836c) Importer(815301076,1909f56bfc062723c751e8b465ee728b)  -> (artifact id: '99cc3ee0f2595f7ea22c0009f08e143e') in 0.337222 seconds 
========================================================================
Received Import Request.
  Time since last request: 0.000040 seconds.
  path: Assets/_TerrainData/TerrainData_103702337969878736.asset
  artifactKey: Guid(d85de1d59fd56024b94f6de90d4289fa) Importer(815301076,1909f56bfc062723c751e8b465ee728b)
Start importing Assets/_TerrainData/TerrainData_103702337969878736.asset using Guid(d85de1d59fd56024b94f6de90d4289fa) Importer(815301076,1909f56bfc062723c751e8b465ee728b)  -> (artifact id: 'af3841ccc27569dd93aa0a6e9fc2250d') in 0.131986 seconds 
========================================================================
Received Import Request.
  Time since last request: 0.000025 seconds.
  path: Assets/_TerrainData/TerrainData_102061708969878736.asset
  artifactKey: Guid(1c363c2ef5b69d24d915378c4c2559e3) Importer(815301076,1909f56bfc062723c751e8b465ee728b)
Start importing Assets/_TerrainData/TerrainData_102061708969878736.asset using Guid(1c363c2ef5b69d24d915378c4c2559e3) Importer(815301076,1909f56bfc062723c751e8b465ee728b)  -> (artifact id: '74c6491389852a30267300f38a9a890e') in 0.089315 seconds 
========================================================================
Received Import Request.
  Time since last request: 0.000037 seconds.
  path: Assets/_TerrainData/GeneratedGeometry_299991368969878736.asset
  artifactKey: Guid(c422d10c2c52d0b478bda219e945a61e) Importer(815301076,1909f56bfc062723c751e8b465ee728b)
Start importing Assets/_TerrainData/GeneratedGeometry_299991368969878736.asset using Guid(c422d10c2c52d0b478bda219e945a61e) Importer(815301076,1909f56bfc062723c751e8b465ee728b)  -> (artifact id: '8882e384d1891033be5e6f8326d905b4') in 0.346982 seconds 
========================================================================
Received Import Request.
  Time since last request: 0.000036 seconds.
  path: Assets/_TerrainData/TerrainData_335342628969878736.asset
  artifactKey: Guid(00dc7649a52e3c840aa8f72676b25d0f) Importer(815301076,1909f56bfc062723c751e8b465ee728b)
Start importing Assets/_TerrainData/TerrainData_335342628969878736.asset using Guid(00dc7649a52e3c840aa8f72676b25d0f) Importer(815301076,1909f56bfc062723c751e8b465ee728b)  -> (artifact id: '7e85e547b24b50e5099c456f199856c8') in 0.079148 seconds 
========================================================================
Received Import Request.
  Time since last request: 0.000021 seconds.
  path: Assets/_TerrainData/TerrainData_335931180479878736.asset
  artifactKey: Guid(3d5c40df464078b4fa712b7b278eb850) Importer(815301076,1909f56bfc062723c751e8b465ee728b)
Start importing Assets/_TerrainData/TerrainData_335931180479878736.asset using Guid(3d5c40df464078b4fa712b7b278eb850) Importer(815301076,1909f56bfc062723c751e8b465ee728b)  -> (artifact id: '6d19774e1e534c47c5eba937527d297b') in 0.665636 seconds 
========================================================================
Received Import Request.
  Time since last request: 0.000040 seconds.
  path: Assets/_TerrainData/GeneratedGeometry_048425096969878736.asset
  artifactKey: Guid(93161c3ee45f29d4b85e89b14969df14) Importer(815301076,1909f56bfc062723c751e8b465ee728b)
Start importing Assets/_TerrainData/GeneratedGeometry_048425096969878736.asset using Guid(93161c3ee45f29d4b85e89b14969df14) Importer(815301076,1909f56bfc062723c751e8b465ee728b)  -> (artifact id: '0910522cfaaee5b3cbc3742b75e4770d') in 0.269295 seconds 
========================================================================
Received Import Request.
  Time since last request: 0.000036 seconds.
  path: Assets/_TerrainData/TerrainData_357160618969878736.asset
  artifactKey: Guid(0ac68962018c7834e9efc120890bda5d) Importer(815301076,1909f56bfc062723c751e8b465ee728b)
Start importing Assets/_TerrainData/TerrainData_357160618969878736.asset using Guid(0ac68962018c7834e9efc120890bda5d) Importer(815301076,1909f56bfc062723c751e8b465ee728b)  -> (artifact id: '0de08714c77a7b26b8833058159a353e') in 0.120345 seconds 
========================================================================
Received Import Request.
  Time since last request: 0.000035 seconds.
  path: Assets/_TerrainData/TerrainData_377302658969878736.asset
  artifactKey: Guid(8ead77874bc3320498abf1beff0ef02e) Importer(815301076,1909f56bfc062723c751e8b465ee728b)
Start importing Assets/_TerrainData/TerrainData_377302658969878736.asset using Guid(8ead77874bc3320498abf1beff0ef02e) Importer(815301076,1909f56bfc062723c751e8b465ee728b)  -> (artifact id: '41be32a02887d4807d101f75aca14bd4') in 0.123321 seconds 
========================================================================
Received Import Request.
  Time since last request: 0.000021 seconds.
  path: Assets/_TerrainData/GeneratedGeometry_150365737969878736.asset
  artifactKey: Guid(ef0c9406c3fad224795f9e2f88cd25c6) Importer(815301076,1909f56bfc062723c751e8b465ee728b)
Start importing Assets/_TerrainData/GeneratedGeometry_150365737969878736.asset using Guid(ef0c9406c3fad224795f9e2f88cd25c6) Importer(815301076,1909f56bfc062723c751e8b465ee728b)  -> (artifact id: '3cb9c9f0946a9d5f301d78b6d05048b5') in 0.206991 seconds 
========================================================================
Received Import Request.
  Time since last request: 0.000042 seconds.
  path: Assets/_TerrainData/TerrainData_440529847969878736.asset
  artifactKey: Guid(e12861f82e602814c953977942a22ddb) Importer(815301076,1909f56bfc062723c751e8b465ee728b)
Start importing Assets/_TerrainData/TerrainData_440529847969878736.asset using Guid(e12861f82e602814c953977942a22ddb) Importer(815301076,1909f56bfc062723c751e8b465ee728b)  -> (artifact id: '501d787fe2b873915d7517c5c64cb591') in 0.086862 seconds 
========================================================================
Received Import Request.
  Time since last request: 0.000040 seconds.
  path: Assets/_TerrainData/TerrainData_445918886969878736.asset
  artifactKey: Guid(7c74a55f4bc935144a036c0f808eeef1) Importer(815301076,1909f56bfc062723c751e8b465ee728b)
Start importing Assets/_TerrainData/TerrainData_445918886969878736.asset using Guid(7c74a55f4bc935144a036c0f808eeef1) Importer(815301076,1909f56bfc062723c751e8b465ee728b)  -> (artifact id: 'ea3734da7853535b3577beaaab9db302') in 0.085818 seconds 
========================================================================
Received Import Request.
  Time since last request: 0.000029 seconds.
  path: Assets/_TerrainData/TerrainData_448005938969878736.asset
  artifactKey: Guid(d523015290200e54d9d1eaabf54139c9) Importer(815301076,1909f56bfc062723c751e8b465ee728b)
Start importing Assets/_TerrainData/TerrainData_448005938969878736.asset using Guid(d523015290200e54d9d1eaabf54139c9) Importer(815301076,1909f56bfc062723c751e8b465ee728b)  -> (artifact id: '3c03560897f813c2986b20d06676ad9a') in 0.177037 seconds 
========================================================================
Received Import Request.
  Time since last request: 0.000032 seconds.
  path: Assets/_TerrainData/TerrainData_150365737969878736.asset
  artifactKey: Guid(fbfd333a52938b646964cf967068c81d) Importer(815301076,1909f56bfc062723c751e8b465ee728b)
Start importing Assets/_TerrainData/TerrainData_150365737969878736.asset using Guid(fbfd333a52938b646964cf967068c81d) Importer(815301076,1909f56bfc062723c751e8b465ee728b)  -> (artifact id: 'feb6ed8ed2c77458f54adcab88742176') in 0.114353 seconds 
========================================================================
Received Import Request.
  Time since last request: 0.000038 seconds.
  path: Assets/_TerrainData/GeneratedGeometry_734807937969878736.asset
  artifactKey: Guid(e9929eff955f6644e9794472af25f0b1) Importer(815301076,1909f56bfc062723c751e8b465ee728b)
Start importing Assets/_TerrainData/GeneratedGeometry_734807937969878736.asset using Guid(e9929eff955f6644e9794472af25f0b1) Importer(815301076,1909f56bfc062723c751e8b465ee728b)  -> (artifact id: '2928ce3c1c7b5cfa46c60504d16c38f3') in 0.359320 seconds 
========================================================================
Received Import Request.
  Time since last request: 0.000050 seconds.
  path: Assets/_TerrainData/TerrainData_391806188969878736.asset
  artifactKey: Guid(4d5f38694205c434a8cc4b1bbd5aecf7) Importer(815301076,1909f56bfc062723c751e8b465ee728b)
Start importing Assets/_TerrainData/TerrainData_391806188969878736.asset using Guid(4d5f38694205c434a8cc4b1bbd5aecf7) Importer(815301076,1909f56bfc062723c751e8b465ee728b)  -> (artifact id: 'f82d9f7b3da7a2f1ce8aa3b4eced2348') in 0.084584 seconds 
========================================================================
Received Import Request.
  Time since last request: 0.000036 seconds.
  path: Assets/_TerrainData/GeneratedGeometry_901083480479878736.asset
  artifactKey: Guid(92380184cb156f341a4b87297d05b8ec) Importer(815301076,1909f56bfc062723c751e8b465ee728b)
Start importing Assets/_TerrainData/GeneratedGeometry_901083480479878736.asset using Guid(92380184cb156f341a4b87297d05b8ec) Importer(815301076,1909f56bfc062723c751e8b465ee728b)  -> (artifact id: '6b46ea4fe1bb756c42c8a4d1ebc8024e') in 0.199762 seconds 
========================================================================
Received Import Request.
  Time since last request: 0.000035 seconds.
  path: Assets/_TerrainData/GeneratedGeometry_373334356969878736.asset
  artifactKey: Guid(e5cd91763ce4f5045859147d89ca25fd) Importer(815301076,1909f56bfc062723c751e8b465ee728b)
Start importing Assets/_TerrainData/GeneratedGeometry_373334356969878736.asset using Guid(e5cd91763ce4f5045859147d89ca25fd) Importer(815301076,1909f56bfc062723c751e8b465ee728b)  -> (artifact id: '2e46fce4d61d87bf9bdefd463e25481c') in 0.218302 seconds 
========================================================================
Received Import Request.
  Time since last request: 0.000036 seconds.
  path: Assets/_TerrainData/TerrainData_346476647969878736.asset
  artifactKey: Guid(0a17e251900f3d44faa8e277aeb112b4) Importer(815301076,1909f56bfc062723c751e8b465ee728b)
Start importing Assets/_TerrainData/TerrainData_346476647969878736.asset using Guid(0a17e251900f3d44faa8e277aeb112b4) Importer(815301076,1909f56bfc062723c751e8b465ee728b)  -> (artifact id: '5b06e9caa1cd9cfc89f847995cc92855') in 0.093079 seconds 
========================================================================
Received Import Request.
  Time since last request: 0.000049 seconds.
  path: Assets/_TerrainData/TerrainData_048425096969878736.asset
  artifactKey: Guid(cffd9d26aa3da5f4988b0c583c156a6f) Importer(815301076,1909f56bfc062723c751e8b465ee728b)
Start importing Assets/_TerrainData/TerrainData_048425096969878736.asset using Guid(cffd9d26aa3da5f4988b0c583c156a6f) Importer(815301076,1909f56bfc062723c751e8b465ee728b)  -> (artifact id: 'f215ddee5b09df2f1647b9cb6c843201') in 0.097769 seconds 
========================================================================
Received Import Request.
  Time since last request: 0.000027 seconds.
  path: Assets/_TerrainData/GeneratedGeometry_377302658969878736.asset
  artifactKey: Guid(f137687df81220d4f9cdc3fd0e0d1053) Importer(815301076,1909f56bfc062723c751e8b465ee728b)
Start importing Assets/_TerrainData/GeneratedGeometry_377302658969878736.asset using Guid(f137687df81220d4f9cdc3fd0e0d1053) Importer(815301076,1909f56bfc062723c751e8b465ee728b)  -> (artifact id: '62f815b8e7112866d882c930f03de71f') in 0.210999 seconds 
========================================================================
Received Import Request.
  Time since last request: 0.000036 seconds.
  path: Assets/_TerrainData/GeneratedGeometry_610781648969878736.asset
  artifactKey: Guid(64f1699e968f88a43b3ff87041a068fb) Importer(815301076,1909f56bfc062723c751e8b465ee728b)
Start importing Assets/_TerrainData/GeneratedGeometry_610781648969878736.asset using Guid(64f1699e968f88a43b3ff87041a068fb) Importer(815301076,1909f56bfc062723c751e8b465ee728b)  -> (artifact id: 'd2119109be88b671a85470679304d902') in 0.286163 seconds 
========================================================================
Received Import Request.
  Time since last request: 0.000038 seconds.
  path: Assets/_TerrainData/GeneratedGeometry_679257567969878736.asset
  artifactKey: Guid(5e55fc801d542734dada340006d3ae3d) Importer(815301076,1909f56bfc062723c751e8b465ee728b)
Start importing Assets/_TerrainData/GeneratedGeometry_679257567969878736.asset using Guid(5e55fc801d542734dada340006d3ae3d) Importer(815301076,1909f56bfc062723c751e8b465ee728b)  -> (artifact id: '82aa233b25046e86fdd46846c728e299') in 0.330562 seconds 
========================================================================
Received Import Request.
  Time since last request: 0.000048 seconds.
  path: Assets/_TerrainData/TerrainData_436336386969878736.asset
  artifactKey: Guid(2154626d504442c44b4fd0188324ecc3) Importer(815301076,1909f56bfc062723c751e8b465ee728b)
Start importing Assets/_TerrainData/TerrainData_436336386969878736.asset using Guid(2154626d504442c44b4fd0188324ecc3) Importer(815301076,1909f56bfc062723c751e8b465ee728b)  -> (artifact id: 'd85bfc54184c05df455f9b7507a8756e') in 0.093856 seconds 
========================================================================
Received Import Request.
  Time since last request: 0.000045 seconds.
  path: Assets/_TerrainData/TerrainData_377037187969878736.asset
  artifactKey: Guid(5fff96dbe8ca40142872b6976b751673) Importer(815301076,1909f56bfc062723c751e8b465ee728b)
Start importing Assets/_TerrainData/TerrainData_377037187969878736.asset using Guid(5fff96dbe8ca40142872b6976b751673) Importer(815301076,1909f56bfc062723c751e8b465ee728b)  -> (artifact id: '2fc3cfca751b841d88a15f90b92b16cc') in 0.100537 seconds 
========================================================================
Received Import Request.
  Time since last request: 0.000036 seconds.
  path: Assets/_TerrainData/GeneratedGeometry_514226676969878736.asset
  artifactKey: Guid(f406f2dd34f42eb44b69e5d284770973) Importer(815301076,1909f56bfc062723c751e8b465ee728b)
Start importing Assets/_TerrainData/GeneratedGeometry_514226676969878736.asset using Guid(f406f2dd34f42eb44b69e5d284770973) Importer(815301076,1909f56bfc062723c751e8b465ee728b)  -> (artifact id: '93cc3172217907ca5cf324840197f5ec') in 0.311715 seconds 
========================================================================
Received Import Request.
  Time since last request: 0.000031 seconds.
  path: Assets/_TerrainData/GeneratedGeometry_424197248969878736.asset
  artifactKey: Guid(fa89b60a3217cda49b32e3de7970984d) Importer(815301076,1909f56bfc062723c751e8b465ee728b)
Start importing Assets/_TerrainData/GeneratedGeometry_424197248969878736.asset using Guid(fa89b60a3217cda49b32e3de7970984d) Importer(815301076,1909f56bfc062723c751e8b465ee728b)  -> (artifact id: 'c16ad44227dcd696987f63139b7fdfca') in 0.184994 seconds 
========================================================================
Received Import Request.
  Time since last request: 0.000038 seconds.
  path: Assets/_TerrainData/TerrainData_320840086969878736.asset
  artifactKey: Guid(6dcb97c5b2c85db46a9def083a75d440) Importer(815301076,1909f56bfc062723c751e8b465ee728b)
Start importing Assets/_TerrainData/TerrainData_320840086969878736.asset using Guid(6dcb97c5b2c85db46a9def083a75d440) Importer(815301076,1909f56bfc062723c751e8b465ee728b)  -> (artifact id: 'ec4b4805fd5744585a9d9d8873167c27') in 0.095748 seconds 
========================================================================
Received Import Request.
  Time since last request: 0.000047 seconds.
  path: Assets/_TerrainData/GeneratedGeometry_345238778969878736.asset
  artifactKey: Guid(799ae399c2225f24eac38c7660f99239) Importer(815301076,1909f56bfc062723c751e8b465ee728b)
Start importing Assets/_TerrainData/GeneratedGeometry_345238778969878736.asset using Guid(799ae399c2225f24eac38c7660f99239) Importer(815301076,1909f56bfc062723c751e8b465ee728b)  -> (artifact id: '729bf361568ece4817d1a9ff2dd05e61') in 0.218956 seconds 
========================================================================
Received Import Request.
  Time since last request: 0.000024 seconds.
  path: Assets/_TerrainData/GeneratedGeometry_335931180479878736.asset
  artifactKey: Guid(885b664674d2054428f1a98dfd814e63) Importer(815301076,1909f56bfc062723c751e8b465ee728b)
Start importing Assets/_TerrainData/GeneratedGeometry_335931180479878736.asset using Guid(885b664674d2054428f1a98dfd814e63) Importer(815301076,1909f56bfc062723c751e8b465ee728b)  -> (artifact id: 'db54fdf3e538c9329d146fe114601ea9') in 0.184448 seconds 
========================================================================
Received Import Request.
  Time since last request: 0.000040 seconds.
  path: Assets/_TerrainData/TerrainData_299991368969878736.asset
  artifactKey: Guid(3b445d5d6af42f742b894581704d2e96) Importer(815301076,1909f56bfc062723c751e8b465ee728b)
Start importing Assets/_TerrainData/TerrainData_299991368969878736.asset using Guid(3b445d5d6af42f742b894581704d2e96) Importer(815301076,1909f56bfc062723c751e8b465ee728b)  -> (artifact id: '5b4139dc4d9c335d5d312a93f52bbefc') in 0.087030 seconds 
========================================================================
Received Import Request.
  Time since last request: 0.000026 seconds.
  path: Assets/_TerrainData/GeneratedGeometry_448005938969878736.asset
  artifactKey: Guid(f73c70012efb79640a39a5eaa34fd75e) Importer(815301076,1909f56bfc062723c751e8b465ee728b)
Start importing Assets/_TerrainData/GeneratedGeometry_448005938969878736.asset using Guid(f73c70012efb79640a39a5eaa34fd75e) Importer(815301076,1909f56bfc062723c751e8b465ee728b)  -> (artifact id: '7ed01b7d25e2e46eb936cc9442bab342') in 0.172826 seconds 
========================================================================
Received Prepare
Registering precompiled user dll's ...
Registered in 0.003955 seconds.
Begin MonoManager ReloadAssembly
Native extension for WindowsStandalone target not found
Refreshing native plugins compatible for Editor in 0.92 ms, found 2 plugins.
Preloading 0 native plugins for Editor in 0.00 ms.
Mono: successfully reloaded assembly
- Completed reload, in  1.194 seconds
Domain Reload Profiling:
	ReloadAssembly (1195ms)
		BeginReloadAssembly (188ms)
			ExecutionOrderSort (0ms)
			DisableScriptedObjects (4ms)
			BackupInstance (0ms)
			ReleaseScriptingObjects (0ms)
			CreateAndSetChildDomain (42ms)
		EndReloadAssembly (894ms)
			LoadAssemblies (139ms)
			RebuildTransferFunctionScriptingTraits (0ms)
			SetupTypeCache (216ms)
				TypeCache.Initialize (212ms)
					TypeCache.ScanAssembly (203ms)
				ResolveRequiredComponents (4ms)
			ReleaseScriptCaches (2ms)
			RebuildScriptCaches (50ms)
			SetupLoadedEditorAssemblies (490ms)
				LogAssemblyErrors (0ms)
				InitializePlatformSupportModulesInManaged (13ms)
				SetLoadedEditorAssemblies (8ms)
				RefreshPlugins (1ms)
				BeforeProcessingInitializeOnLoad (53ms)
				ProcessInitializeOnLoadAttributes (239ms)
				ProcessInitializeOnLoadMethodAttributes (170ms)
				AfterProcessingInitializeOnLoad (5ms)
				EditorAssembliesLoaded (0ms)
			ExecutionOrderSort2 (0ms)
			AwakeInstancesAfterBackupRestoration (7ms)
Platform modules already initialized, skipping
Refreshing native plugins compatible for Editor in 2.15 ms, found 2 plugins.
Preloading 0 native plugins for Editor in 0.00 ms.
Unloading 2018 Unused Serialized files (Serialized files now loaded: 0)
Unloading 13 unused Assets / (25.5 KB). Loaded Objects now: 2584.
Memory consumption went from 348.1 MB to 348.1 MB.
Total: 3.612400 ms (FindLiveObjects: 0.302500 ms CreateObjectMapping: 0.054300 ms MarkObjects: 3.217200 ms  DeleteObjects: 0.036200 ms)

AssetImportParameters requested are different than current active one (requested -> active):
  custom:video-decoder-ogg-theora: a1e56fd34408186e4bbccfd4996cb3dc -> 
  custom:container-muxer-webm: aa71ff27fc2769a1b78a27578f13a17b -> 
  custom:container-demuxer-webm: 4f35f7cbe854078d1ac9338744f61a02 -> 
  custom:video-encoder-webm-vp8: eb34c28f22e8b96e1ab97ce403110664 -> 
  custom:audio-encoder-webm-vorbis: bf7c407c2cedff20999df2af8eb42d56 -> 
  custom:framework-win-MediaFoundation: 216162199b28c13a410421893ffa2e32 -> 
  custom:container-demuxer-ogg: 62fdf1f143b41e24485cea50d1cbac27 -> 
  custom:video-decoder-webm-vp8: 9c59270c3fd7afecdb556c50c9e8de78 -> 
  custom:audio-decoder-ogg-vorbis: bf7c407c2cedff20999df2af8eb42d56 -> 
Editor requested this worker to shutdown with reason: Scaling down because of idle timeout
AssetImportWorker is now disconnected from the server
Process exiting
Exiting without the bug reporter. Application will terminate with return code 0